<?xml version="1.0" encoding="UTF-8"?>
<!-- Generated by org.testng.reporters.JUnitReportReporter -->
<testsuite hostname="DESKTOP-J0HNUMU" failures="0" tests="2" name="rahulshettyacademygit.SeleniumTest" time="0.037" errors="0" timestamp="2025-01-26T02:27:48 IST" skipped="0">
  <testcase classname="rahulshettyacademygit.SeleniumTest" name="BrowserAutomation" time="0.027"/>
  <testcase classname="rahulshettyacademygit.SeleniumTest" name="elementUI" time="0.010"/>
</testsuite> <!-- rahulshettyacademygit.SeleniumTest -->
