<?xml version="1.0" encoding="UTF-8"?>
<!-- Generated by org.testng.reporters.JUnitReportReporter -->
<testsuite hostname="DESKTOP-J0HNUMU" failures="0" tests="2" name="rahulshettyacademygit.AppiumTest" time="0.014" errors="0" timestamp="2025-01-26T02:27:48 IST" skipped="0">
  <testcase classname="rahulshettyacademygit.AppiumTest" name="nativeAPPAndroid" time="0.008"/>
  <testcase classname="rahulshettyacademygit.AppiumTest" name="iOSApp" time="0.006"/>
</testsuite> <!-- rahulshettyacademygit.AppiumTest -->
