<?xml version="1.0" encoding="UTF-8"?>
<!-- Generated by org.testng.reporters.JUnitReportReporter -->
<testsuite hostname="DESKTOP-J0HNUMU" failures="0" tests="2" name="rahulshettyacademygit.SeleniumTest" time="0.046" errors="0" timestamp="2025-01-30T17:38:11 IST" skipped="0">
  <testcase classname="rahulshettyacademygit.SeleniumTest" name="BrowserAutomation" time="0.044"/>
  <testcase classname="rahulshettyacademygit.SeleniumTest" name="elementUI" time="0.002"/>
</testsuite> <!-- rahulshettyacademygit.SeleniumTest -->
