<?xml version="1.0" encoding="UTF-8"?>
<!-- Generated by org.testng.reporters.JUnitReportReporter -->
<testsuite hostname="DESKTOP-J0HNUMU" failures="0" tests="2" name="rahulshettyacademygit.AppiumTest" time="0.016" errors="0" timestamp="2025-01-30T17:38:11 IST" skipped="0">
  <testcase classname="rahulshettyacademygit.AppiumTest" name="iOSApp" time="0.003"/>
  <testcase classname="rahulshettyacademygit.AppiumTest" name="nativeAPPAndroid" time="0.013"/>
</testsuite> <!-- rahulshettyacademygit.AppiumTest -->
